<?xml version="1.0" encoding="UTF-8"?>
<testsuites name="TS_Product_Navigation_Birds" time="79.343" tests="1" failures="0" errors="0">
   <testsuite name="TS_Product_Navigation_Birds" tests="1" failures="0" errors="0" time="79.343" skipped="0" timestamp="05-10-2024T10:48:02" hostname="WINDOWS11 - Mohan" id="Test Suites/TS_Product_Navigation_Birds">
      <properties>
[...]
</properties>
      <testcase name="Test Cases/Product_Navigation_Birds" time="79.137" classname="Test Cases/Product_Navigation_Birds" status="PASSED">
         <system-out><![CDATA[05-10-2024T10:48:02 - [TEST_CASE][PASSED] - Test Cases/Product_Navigation_Birds: Test Cases/Product_Navigation_Birds

05-10-2024T10:48:02 - [TEST_STEP][PASSED] - openBrowser(""): Browser is opened with url: ''

05-10-2024T10:48:03 - [MESSAGE][INFO] - User set preference: ['os', 'windows']

05-10-2024T10:48:03 - [MESSAGE][INFO] - User set preference: ['browserVersion', '127']

05-10-2024T10:48:03 - [MESSAGE][INFO] - User set preference: ['browserName', 'msedge']

05-10-2024T10:48:03 - [MESSAGE][INFO] - User set preference: ['katalon:option', '{organizationId=1640769, usingTunnel=false}']

05-10-2024T10:48:03 - [MESSAGE][INFO] - Connecting to remote web server 'testcloud.katalon.com/hub' with type 'Selenium'

05-10-2024T10:48:03 - [MESSAGE][INFO] - Action delay is set to 0 milliseconds

05-10-2024T10:49:02 - [MESSAGE][PASSED] - Browser is opened with url: ''

05-10-2024T10:49:02 - [TEST_STEP][PASSED] - navigateToUrl("https://petstore.octoperf.com/"): Navigate to 'https://petstore.octoperf.com/' successfully

05-10-2024T10:49:03 - [MESSAGE][PASSED] - Navigate to 'https://petstore.octoperf.com/' successfully

05-10-2024T10:49:03 - [TEST_STEP][PASSED] - click(findTestObject("Object Repository/Birds/Page_JPetStore Demo/a_Enter the Store")): Object: 'Object Repository/Birds/Page_JPetStore Demo/a_Enter the Store' is clicked on

05-10-2024T10:49:06 - [MESSAGE][PASSED] - Object: 'Object Repository/Birds/Page_JPetStore Demo/a_Enter the Store' is clicked on

05-10-2024T10:49:06 - [TEST_STEP][PASSED] - click(findTestObject("Object Repository/Birds/Page_JPetStore Demo/img")): Object: 'Object Repository/Birds/Page_JPetStore Demo/img' is clicked on

05-10-2024T10:49:08 - [MESSAGE][PASSED] - Object: 'Object Repository/Birds/Page_JPetStore Demo/img' is clicked on

05-10-2024T10:49:08 - [TEST_STEP][PASSED] - click(findTestObject("Object Repository/Birds/Page_JPetStore Demo/a_AV-CB-01")): Object: 'Object Repository/Birds/Page_JPetStore Demo/a_AV-CB-01' is clicked on

05-10-2024T10:49:09 - [MESSAGE][PASSED] - Object: 'Object Repository/Birds/Page_JPetStore Demo/a_AV-CB-01' is clicked on

05-10-2024T10:49:09 - [TEST_STEP][PASSED] - click(findTestObject("Object Repository/Birds/Page_JPetStore Demo/a_EST-18")): Object: 'Object Repository/Birds/Page_JPetStore Demo/a_EST-18' is clicked on

05-10-2024T10:49:11 - [MESSAGE][PASSED] - Object: 'Object Repository/Birds/Page_JPetStore Demo/a_EST-18' is clicked on

05-10-2024T10:49:11 - [TEST_STEP][PASSED] - click(findTestObject("Object Repository/Birds/Page_JPetStore Demo/a_Add to Cart")): Object: 'Object Repository/Birds/Page_JPetStore Demo/a_Add to Cart' is clicked on

05-10-2024T10:49:13 - [MESSAGE][PASSED] - Object: 'Object Repository/Birds/Page_JPetStore Demo/a_Add to Cart' is clicked on

05-10-2024T10:49:13 - [TEST_STEP][PASSED] - click(findTestObject("Object Repository/Birds/Page_JPetStore Demo/a_Proceed to Checkout")): Object: 'Object Repository/Birds/Page_JPetStore Demo/a_Proceed to Checkout' is clicked on

05-10-2024T10:49:15 - [MESSAGE][PASSED] - Object: 'Object Repository/Birds/Page_JPetStore Demo/a_Proceed to Checkout' is clicked on

05-10-2024T10:49:15 - [TEST_STEP][PASSED] - click(findTestObject("Object Repository/Birds/Page_JPetStore Demo/img")): Object: 'Object Repository/Birds/Page_JPetStore Demo/img' is clicked on

05-10-2024T10:49:17 - [MESSAGE][PASSED] - Object: 'Object Repository/Birds/Page_JPetStore Demo/img' is clicked on

05-10-2024T10:49:17 - [TEST_STEP][PASSED] - click(findTestObject("Object Repository/Birds/Page_JPetStore Demo/a_Return to Main Menu")): Object: 'Object Repository/Birds/Page_JPetStore Demo/a_Return to Main Menu' is clicked on

05-10-2024T10:49:19 - [MESSAGE][PASSED] - Object: 'Object Repository/Birds/Page_JPetStore Demo/a_Return to Main Menu' is clicked on

05-10-2024T10:49:19 - [TEST_STEP][PASSED] - closeBrowser(): Browser is closed

05-10-2024T10:49:21 - [MESSAGE][PASSED] - Browser is closed]]></system-out>
         <system-err><![CDATA[]]></system-err>
      </testcase>
      <system-out><![CDATA[05-10-2024T10:48:02 - [TEST_SUITE][PASSED] - TS_Product_Navigation_Birds: Test Cases/Product_Navigation_Birds]]></system-out>
      <system-err><![CDATA[]]></system-err>
   </testsuite>
</testsuites>
