<?xml version="1.0" encoding="UTF-8"?>
<testsuites name="TS_Product_Navigation_Birds" time="98.082" tests="1" failures="0" errors="0">
   <testsuite name="TS_Product_Navigation_Birds" tests="1" failures="0" errors="0" time="98.082" skipped="0" timestamp="05-10-2024T11:02:03" hostname="WINDOWS11 - Mohan" id="Test Suites/TS_Product_Navigation_Birds">
      <properties>
[...]
</properties>
      <testcase name="Test Cases/Product_Navigation_Birds" time="97.894" classname="Test Cases/Product_Navigation_Birds" status="PASSED">
         <system-out><![CDATA[05-10-2024T11:02:03 - [TEST_CASE][PASSED] - Test Cases/Product_Navigation_Birds: Test Cases/Product_Navigation_Birds

05-10-2024T11:02:03 - [TEST_STEP][PASSED] - openBrowser(""): Browser is opened with url: ''

05-10-2024T11:02:04 - [MESSAGE][INFO] - User set preference: ['os', 'windows']

05-10-2024T11:02:04 - [MESSAGE][INFO] - User set preference: ['browserVersion', '130']

05-10-2024T11:02:04 - [MESSAGE][INFO] - User set preference: ['browserName', 'chrome']

05-10-2024T11:02:04 - [MESSAGE][INFO] - User set preference: ['katalon:option', '{organizationId=1640769, usingTunnel=true}']

05-10-2024T11:02:04 - [MESSAGE][INFO] - Connecting to remote web server 'testcloud.katalon.com/hub' with type 'Selenium'

05-10-2024T11:02:04 - [MESSAGE][INFO] - Action delay is set to 0 milliseconds

05-10-2024T11:03:23 - [MESSAGE][PASSED] - Browser is opened with url: ''

05-10-2024T11:03:23 - [TEST_STEP][PASSED] - navigateToUrl("https://petstore.octoperf.com/"): Navigate to 'https://petstore.octoperf.com/' successfully

05-10-2024T11:03:25 - [MESSAGE][PASSED] - Navigate to 'https://petstore.octoperf.com/' successfully

05-10-2024T11:03:25 - [TEST_STEP][PASSED] - click(findTestObject("Object Repository/Birds/Page_JPetStore Demo/a_Enter the Store")): Object: 'Object Repository/Birds/Page_JPetStore Demo/a_Enter the Store' is clicked on

05-10-2024T11:03:28 - [MESSAGE][PASSED] - Object: 'Object Repository/Birds/Page_JPetStore Demo/a_Enter the Store' is clicked on

05-10-2024T11:03:28 - [TEST_STEP][PASSED] - click(findTestObject("Object Repository/Birds/Page_JPetStore Demo/img")): Object: 'Object Repository/Birds/Page_JPetStore Demo/img' is clicked on

05-10-2024T11:03:29 - [MESSAGE][PASSED] - Object: 'Object Repository/Birds/Page_JPetStore Demo/img' is clicked on

05-10-2024T11:03:29 - [TEST_STEP][PASSED] - click(findTestObject("Object Repository/Birds/Page_JPetStore Demo/a_AV-CB-01")): Object: 'Object Repository/Birds/Page_JPetStore Demo/a_AV-CB-01' is clicked on

05-10-2024T11:03:31 - [MESSAGE][PASSED] - Object: 'Object Repository/Birds/Page_JPetStore Demo/a_AV-CB-01' is clicked on

05-10-2024T11:03:31 - [TEST_STEP][PASSED] - click(findTestObject("Object Repository/Birds/Page_JPetStore Demo/a_EST-18")): Object: 'Object Repository/Birds/Page_JPetStore Demo/a_EST-18' is clicked on

05-10-2024T11:03:33 - [MESSAGE][PASSED] - Object: 'Object Repository/Birds/Page_JPetStore Demo/a_EST-18' is clicked on

05-10-2024T11:03:33 - [TEST_STEP][PASSED] - click(findTestObject("Object Repository/Birds/Page_JPetStore Demo/a_Add to Cart")): Object: 'Object Repository/Birds/Page_JPetStore Demo/a_Add to Cart' is clicked on

05-10-2024T11:03:35 - [MESSAGE][PASSED] - Object: 'Object Repository/Birds/Page_JPetStore Demo/a_Add to Cart' is clicked on

05-10-2024T11:03:35 - [TEST_STEP][PASSED] - click(findTestObject("Object Repository/Birds/Page_JPetStore Demo/a_Proceed to Checkout")): Object: 'Object Repository/Birds/Page_JPetStore Demo/a_Proceed to Checkout' is clicked on

05-10-2024T11:03:36 - [MESSAGE][PASSED] - Object: 'Object Repository/Birds/Page_JPetStore Demo/a_Proceed to Checkout' is clicked on

05-10-2024T11:03:36 - [TEST_STEP][PASSED] - click(findTestObject("Object Repository/Birds/Page_JPetStore Demo/img")): Object: 'Object Repository/Birds/Page_JPetStore Demo/img' is clicked on

05-10-2024T11:03:38 - [MESSAGE][PASSED] - Object: 'Object Repository/Birds/Page_JPetStore Demo/img' is clicked on

05-10-2024T11:03:38 - [TEST_STEP][PASSED] - click(findTestObject("Object Repository/Birds/Page_JPetStore Demo/a_Return to Main Menu")): Object: 'Object Repository/Birds/Page_JPetStore Demo/a_Return to Main Menu' is clicked on

05-10-2024T11:03:40 - [MESSAGE][PASSED] - Object: 'Object Repository/Birds/Page_JPetStore Demo/a_Return to Main Menu' is clicked on

05-10-2024T11:03:40 - [TEST_STEP][PASSED] - closeBrowser(): Browser is closed

05-10-2024T11:03:41 - [MESSAGE][PASSED] - Browser is closed]]></system-out>
         <system-err><![CDATA[]]></system-err>
      </testcase>
      <system-out><![CDATA[05-10-2024T11:02:03 - [TEST_SUITE][PASSED] - TS_Product_Navigation_Birds: Test Cases/Product_Navigation_Birds]]></system-out>
      <system-err><![CDATA[]]></system-err>
   </testsuite>
</testsuites>
